<?xml version="1.0" encoding="UTF-8"?>
<!-- Generated by org.testng.reporters.JUnitReportReporter -->
<testsuite skipped="1" hostname="JKPH" name="com.testng.org.Ignore_Test" tests="6" failures="0" timestamp="28 Mar 2021 08:09:47 GMT" time="0.057" errors="0">
  <testcase name="login" time="0.002" classname="com.testng.org.Ignore_Test"/>
  <testcase name="browserclose" time="0.050" classname="com.testng.org.Ignore_Test"/>
  <testcase name="searchlaptop" time="0.000" classname="com.testng.org.Ignore_Test"/>
  <testcase name="browserlaunch" time="0.002" classname="com.testng.org.Ignore_Test"/>
  <testcase name="logout" time="0.003" classname="com.testng.org.Ignore_Test"/>
  <testcase name="searchmobile" classname="com.testng.org.Ignore_Test">
    <skipped/>
  </testcase> <!-- searchmobile -->
</testsuite> <!-- com.testng.org.Ignore_Test -->
