<?xml version="1.0" encoding="UTF-8"?>
<!-- Generated by org.testng.reporters.JUnitReportReporter -->
<testsuite skipped="0" hostname="JKPH" name="com.testng.org.Time_Out" tests="6" failures="0" timestamp="23 Mar 2021 17:43:55 GMT" time="0.026" errors="0">
  <testcase name="searchlaptop" time="0.001" classname="com.testng.org.Time_Out"/>
  <testcase name="browserclose" time="0.012" classname="com.testng.org.Time_Out"/>
  <testcase name="browserlaunch" time="0.001" classname="com.testng.org.Time_Out"/>
  <testcase name="searchmobile" time="0.002" classname="com.testng.org.Time_Out"/>
  <testcase name="login" time="0.008" classname="com.testng.org.Time_Out"/>
  <testcase name="logout" time="0.002" classname="com.testng.org.Time_Out"/>
</testsuite> <!-- com.testng.org.Time_Out -->
