<?xml version="1.0" encoding="UTF-8"?>
<!-- Generated by org.testng.reporters.JUnitReportReporter -->
<testsuite skipped="0" hostname="JKPH" name="com.testng.org.ParameterizedTest" tests="1" failures="0" timestamp="24 Mar 2021 18:42:15 GMT" time="0.012" errors="0">
  <testcase name="credential" time="0.012" classname="com.testng.org.ParameterizedTest"/>
</testsuite> <!-- com.testng.org.ParameterizedTest -->
