<?xml version="1.0" encoding="UTF-8"?>
<!-- Generated by org.testng.reporters.JUnitReportReporter -->
<testsuite skipped="0" hostname="JKPH" name="com.project.org.Simple_Annotations" tests="2" failures="0" timestamp="22 Mar 2021 16:49:17 GMT" time="0.008" errors="0">
  <testcase name="searchLaptop" time="0.006" classname="com.project.org.Simple_Annotations"/>
  <testcase name="searchMobile" time="0.002" classname="com.project.org.Simple_Annotations"/>
</testsuite> <!-- com.project.org.Simple_Annotations -->
