<?xml version="1.0" encoding="UTF-8"?>
<!-- Generated by org.testng.reporters.JUnitReportReporter -->
<testsuite skipped="0" hostname="JKPH" name="com.testng.org.Priority_test" tests="6" failures="0" timestamp="23 Mar 2021 16:59:31 GMT" time="0.027" errors="0">
  <testcase name="browserclose" time="0.013" classname="com.testng.org.Priority_test"/>
  <testcase name="logout" time="0.003" classname="com.testng.org.Priority_test"/>
  <testcase name="searchmobile" time="0.002" classname="com.testng.org.Priority_test"/>
  <testcase name="browserlaunch" time="0.003" classname="com.testng.org.Priority_test"/>
  <testcase name="searchlaptop" time="0.003" classname="com.testng.org.Priority_test"/>
  <testcase name="login" time="0.003" classname="com.testng.org.Priority_test"/>
</testsuite> <!-- com.testng.org.Priority_test -->
