<?xml version="1.0" encoding="UTF-8"?>
<!-- Generated by org.testng.reporters.JUnitReportReporter -->
<testsuite skipped="0" hostname="JKPH" name="com.testng.org.Exception_Test" tests="2" failures="0" timestamp="23 Mar 2021 18:10:46 GMT" time="0.012" errors="0">
  <testcase name="add" time="0.011" classname="com.testng.org.Exception_Test"/>
  <testcase name="divide" time="0.001" classname="com.testng.org.Exception_Test"/>
</testsuite> <!-- com.testng.org.Exception_Test -->
