<?xml version="1.0" encoding="UTF-8"?>
<!-- Generated by org.testng.reporters.JUnitReportReporter -->
<testsuite skipped="0" hostname="JKPH" name="com.testng.org.GroupingTest" tests="4" failures="0" timestamp="24 Mar 2021 14:20:46 GMT" time="0.015" errors="0">
  <testcase name="empId" time="0.011" classname="com.testng.org.GroupingTest"/>
  <testcase name="empName" time="0.002" classname="com.testng.org.GroupingTest"/>
  <testcase name="empNumber" time="0.001" classname="com.testng.org.GroupingTest"/>
  <testcase name="empSalary" time="0.001" classname="com.testng.org.GroupingTest"/>
</testsuite> <!-- com.testng.org.GroupingTest -->
