<?xml version="1.0" encoding="UTF-8"?>
<!-- Generated by org.testng.reporters.JUnitReportReporter -->
<testsuite skipped="0" hostname="JKPH" name="com.testng.org.Dataprovider" tests="4" failures="0" timestamp="25 Mar 2021 07:17:46 GMT" time="0.016" errors="0">
  <testcase name="credential" time="0.002" classname="com.testng.org.Dataprovider"/>
  <testcase name="credential" time="0.010" classname="com.testng.org.Dataprovider"/>
  <testcase name="credential" time="0.002" classname="com.testng.org.Dataprovider"/>
  <testcase name="credential" time="0.002" classname="com.testng.org.Dataprovider"/>
</testsuite> <!-- com.testng.org.Dataprovider -->
