<?xml version="1.0" encoding="UTF-8"?>
<!-- Generated by org.testng.reporters.JUnitReportReporter -->
<testsuite skipped="0" hostname="JKPH" name="com.project.org.Simple_AnnotationsTest" tests="2" failures="0" timestamp="22 Mar 2021 16:45:45 GMT" time="0.011" errors="0">
  <testcase name="searchLaptop" time="0.007" classname="com.project.org.Simple_AnnotationsTest"/>
  <testcase name="searchMobile" time="0.004" classname="com.project.org.Simple_AnnotationsTest"/>
</testsuite> <!-- com.project.org.Simple_AnnotationsTest -->
