<?xml version="1.0" encoding="UTF-8"?>
<!-- Generated by org.testng.reporters.JUnitReportReporter -->
<testsuite skipped="0" hostname="JKPH" name="com.testng.org.Multiple_Times" tests="15" failures="0" timestamp="23 Mar 2021 17:36:16 GMT" time="0.035" errors="0">
  <testcase name="browserclose" time="0.012" classname="com.testng.org.Multiple_Times"/>
  <testcase name="searchmobile" time="0.001" classname="com.testng.org.Multiple_Times"/>
  <testcase name="searchmobile" time="0.002" classname="com.testng.org.Multiple_Times"/>
  <testcase name="browserlaunch" time="0.001" classname="com.testng.org.Multiple_Times"/>
  <testcase name="searchmobile" time="0.001" classname="com.testng.org.Multiple_Times"/>
  <testcase name="searchmobile" time="0.001" classname="com.testng.org.Multiple_Times"/>
  <testcase name="searchmobile" time="0.001" classname="com.testng.org.Multiple_Times"/>
  <testcase name="searchmobile" time="0.004" classname="com.testng.org.Multiple_Times"/>
  <testcase name="login" time="0.002" classname="com.testng.org.Multiple_Times"/>
  <testcase name="searchlaptop" time="0.002" classname="com.testng.org.Multiple_Times"/>
  <testcase name="searchmobile" time="0.001" classname="com.testng.org.Multiple_Times"/>
  <testcase name="searchmobile" time="0.001" classname="com.testng.org.Multiple_Times"/>
  <testcase name="searchmobile" time="0.001" classname="com.testng.org.Multiple_Times"/>
  <testcase name="searchmobile" time="0.004" classname="com.testng.org.Multiple_Times"/>
  <testcase name="logout" time="0.001" classname="com.testng.org.Multiple_Times"/>
</testsuite> <!-- com.testng.org.Multiple_Times -->
